<?xml version="1.0" encoding="UTF-8"?>
<coverage generated="1686106152740" clover="3.2.0">
  <project timestamp="1686106152740" name="All files">
    <metrics statements="25" coveredstatements="12" conditionals="4" coveredconditionals="0" methods="6" coveredmethods="1" elements="35" coveredelements="13" complexity="0" loc="25" ncloc="25" packages="2" files="3" classes="3"/>
    <package name="jestPractice">
      <metrics statements="19" coveredstatements="10" conditionals="2" coveredconditionals="0" methods="5" coveredmethods="1"/>
      <file name="language_spoken.js" path="/Users/davidstinnett/Documents/Projects/jestPractice/language_spoken.js">
        <metrics statements="19" coveredstatements="10" conditionals="2" coveredconditionals="0" methods="5" coveredmethods="1"/>
        <line num="5" count="1" type="stmt"/>
        <line num="7" count="1" type="stmt"/>
        <line num="8" count="0" type="stmt"/>
        <line num="11" count="1" type="stmt"/>
        <line num="12" count="0" type="stmt"/>
        <line num="13" count="0" type="cond" truecount="0" falsecount="2"/>
        <line num="14" count="0" type="stmt"/>
        <line num="17" count="1" type="stmt"/>
        <line num="18" count="1" type="stmt"/>
        <line num="19" count="1" type="stmt"/>
        <line num="20" count="3" type="stmt"/>
        <line num="22" count="1" type="stmt"/>
        <line num="25" count="1" type="stmt"/>
        <line num="26" count="0" type="stmt"/>
        <line num="27" count="0" type="stmt"/>
        <line num="28" count="0" type="stmt"/>
        <line num="30" count="0" type="stmt"/>
        <line num="34" count="1" type="stmt"/>
        <line num="35" count="0" type="stmt"/>
      </file>
    </package>
    <package name="jestPractice.utils">
      <metrics statements="6" coveredstatements="2" conditionals="2" coveredconditionals="0" methods="1" coveredmethods="0"/>
      <file name="http-request.js" path="/Users/davidstinnett/Documents/Projects/jestPractice/utils/http-request.js">
        <metrics statements="5" coveredstatements="1" conditionals="2" coveredconditionals="0" methods="1" coveredmethods="0"/>
        <line num="4" count="1" type="stmt"/>
        <line num="5" count="0" type="stmt"/>
        <line num="8" count="0" type="cond" truecount="0" falsecount="2"/>
        <line num="9" count="0" type="stmt"/>
        <line num="11" count="0" type="stmt"/>
      </file>
      <file name="languageCodes.js" path="/Users/davidstinnett/Documents/Projects/jestPractice/utils/languageCodes.js">
        <metrics statements="1" coveredstatements="1" conditionals="0" coveredconditionals="0" methods="0" coveredmethods="0"/>
        <line num="1" count="1" type="stmt"/>
      </file>
    </package>
  </project>
</coverage>
