{"/Users/davidstinnett/Documents/Projects/jestPractice/language_spoken.js": {"path":"/Users/davidstinnett/Documents/Projects/jestPractice/language_spoken.js","statementMap":{"0":{"start":{"line":5,"column":43},"end":{"line":5,"column":56}},"1":{"start":{"line":7,"column":19},"end":{"line":9,"column":1}},"2":{"start":{"line":8,"column":2},"end":{"line":8,"column":76}},"3":{"start":{"line":11,"column":22},"end":{"line":15,"column":1}},"4":{"start":{"line":12,"column":20},"end":{"line":12,"column":55}},"5":{"start":{"line":13,"column":21},"end":{"line":13,"column":56}},"6":{"start":{"line":14,"column":2},"end":{"line":14,"column":20}},"7":{"start":{"line":17,"column":25},"end":{"line":23,"column":1}},"8":{"start":{"line":18,"column":25},"end":{"line":18,"column":27}},"9":{"start":{"line":19,"column":2},"end":{"line":21,"column":3}},"10":{"start":{"line":20,"column":4},"end":{"line":20,"column":55}},"11":{"start":{"line":22,"column":2},"end":{"line":22,"column":24}},"12":{"start":{"line":25,"column":26},"end":{"line":32,"column":1}},"13":{"start":{"line":26,"column":2},"end":{"line":31,"column":3}},"14":{"start":{"line":27,"column":16},"end":{"line":27,"column":45}},"15":{"start":{"line":28,"column":4},"end":{"line":28,"column":38}},"16":{"start":{"line":30,"column":4},"end":{"line":30,"column":21}},"17":{"start":{"line":34,"column":20},"end":{"line":38,"column":1}},"18":{"start":{"line":35,"column":2},"end":{"line":37,"column":32}}},"fnMap":{"0":{"name":"(anonymous_0)","decl":{"start":{"line":7,"column":19},"end":{"line":7,"column":20}},"loc":{"start":{"line":7,"column":33},"end":{"line":9,"column":1}},"line":7},"1":{"name":"(anonymous_1)","decl":{"start":{"line":11,"column":22},"end":{"line":11,"column":23}},"loc":{"start":{"line":11,"column":36},"end":{"line":15,"column":1}},"line":11},"2":{"name":"(anonymous_2)","decl":{"start":{"line":17,"column":25},"end":{"line":17,"column":26}},"loc":{"start":{"line":17,"column":46},"end":{"line":23,"column":1}},"line":17},"3":{"name":"(anonymous_3)","decl":{"start":{"line":25,"column":26},"end":{"line":25,"column":27}},"loc":{"start":{"line":25,"column":48},"end":{"line":32,"column":1}},"line":25},"4":{"name":"(anonymous_4)","decl":{"start":{"line":34,"column":20},"end":{"line":34,"column":21}},"loc":{"start":{"line":34,"column":48},"end":{"line":38,"column":1}},"line":34}},"branchMap":{"0":{"loc":{"start":{"line":13,"column":21},"end":{"line":13,"column":56}},"type":"binary-expr","locations":[{"start":{"line":13,"column":21},"end":{"line":13,"column":30}},{"start":{"line":13,"column":34},"end":{"line":13,"column":56}}],"line":13}},"s":{"0":1,"1":1,"2":0,"3":1,"4":0,"5":0,"6":0,"7":1,"8":1,"9":1,"10":3,"11":1,"12":1,"13":0,"14":0,"15":0,"16":0,"17":1,"18":0},"f":{"0":0,"1":0,"2":1,"3":0,"4":0},"b":{"0":[0,0]},"_coverageSchema":"1a1c01bbd47fc00a2c39e90264f33305004495a9","hash":"183a2fbbba5f0e992489d6f22cda6837593cd4df"}
,"/Users/davidstinnett/Documents/Projects/jestPractice/utils/http-request.js": {"path":"/Users/davidstinnett/Documents/Projects/jestPractice/utils/http-request.js","statementMap":{"0":{"start":{"line":4,"column":20},"end":{"line":12,"column":1}},"1":{"start":{"line":5,"column":17},"end":{"line":7,"column":3}},"2":{"start":{"line":8,"column":2},"end":{"line":10,"column":3}},"3":{"start":{"line":9,"column":4},"end":{"line":9,"column":58}},"4":{"start":{"line":11,"column":2},"end":{"line":11,"column":16}}},"fnMap":{"0":{"name":"(anonymous_0)","decl":{"start":{"line":4,"column":20},"end":{"line":4,"column":21}},"loc":{"start":{"line":4,"column":42},"end":{"line":12,"column":1}},"line":4}},"branchMap":{"0":{"loc":{"start":{"line":8,"column":2},"end":{"line":10,"column":3}},"type":"if","locations":[{"start":{"line":8,"column":2},"end":{"line":10,"column":3}},{"start":{},"end":{}}],"line":8}},"s":{"0":1,"1":0,"2":0,"3":0,"4":0},"f":{"0":0},"b":{"0":[0,0]},"_coverageSchema":"1a1c01bbd47fc00a2c39e90264f33305004495a9","hash":"9f24efa83df8daa97ca3bda5a44abbd1dc3ca252"}
,"/Users/davidstinnett/Documents/Projects/jestPractice/utils/languageCodes.js": {"path":"/Users/davidstinnett/Documents/Projects/jestPractice/utils/languageCodes.js","statementMap":{"0":{"start":{"line":1,"column":22},"end":{"line":374,"column":1}}},"fnMap":{},"branchMap":{},"s":{"0":1},"f":{},"b":{},"_coverageSchema":"1a1c01bbd47fc00a2c39e90264f33305004495a9","hash":"d4964968d44befe8a5a9ebc41de4a408db79653e"}
}
